[2025-05-03 17:47:22] [INFO] Attempting to unmount and clean up
[2025-05-03 17:48:00] [INFO] Attempting to unmount and clean up
[2025-05-03 17:57:13] [INFO] Starting chroot initialization for testuser
[2025-05-03 17:57:13] [INFO] Attempting to unmount and clean up
[2025-05-03 17:57:33] [INFO] Starting chroot initialization for testuser
[2025-05-03 17:57:33] [INFO] Attempting to unmount and clean up
[2025-05-03 17:57:57] [INFO] Starting chroot initialization for testuser
[2025-05-03 17:57:57] [ERROR] Failed to initialize chroot for testuser
[2025-05-03 17:57:58] [INFO] Attempting to unmount and clean up
[2025-05-03 18:01:09] [INFO] Starting chroot initialization for testuser
[2025-05-03 18:01:09] [ERROR] Failed to initialize chroot for testuser
[2025-05-03 18:01:09] [INFO] Attempting to unmount and clean up
[2025-05-03 18:01:49] [INFO] Starting chroot initialization for testuser
[2025-05-03 18:01:49] [ERROR] Failed to initialize chroot for testuser
[2025-05-03 18:01:49] [INFO] Attempting to unmount and clean up
[2025-05-03 18:02:29] [INFO] Starting chroot initialization for testuser
[2025-05-03 18:02:29] [ERROR] Failed to initialize chroot for testuser
[2025-05-03 18:02:29] [INFO] Attempting to unmount and clean up
[2025-05-03 18:04:20] [INFO] Starting chroot initialization for testuser
[2025-05-03 18:04:21] [ERROR] Failed to initialize chroot for testuser
[2025-05-03 18:04:21] [INFO] Attempting to unmount and clean up
[2025-05-03 18:05:33] [INFO] Starting chroot initialization for testuser
[2025-05-03 18:05:33] [ERROR] Failed to initialize chroot for testuser
[2025-05-03 18:05:33] [INFO] Attempting to unmount and clean up
[2025-05-03 18:06:45] [INFO] Starting chroot initialization for testuser
[2025-05-03 18:06:45] [ERROR] Failed to create /var/chroot/students/testuser/etc/group
[2025-05-03 18:06:45] [INFO] Attempting to unmount and clean up
[2025-05-03 18:07:02] [INFO] Starting chroot initialization for testuser
[2025-05-03 18:07:02] [ERROR] Failed to create /var/chroot/students/testuser/etc/group
[2025-05-03 18:07:02] [INFO] Attempting to unmount and clean up
[2025-05-03 18:07:09] [INFO] Starting chroot initialization for testuser
[2025-05-03 18:07:09] [ERROR] Failed to create /var/chroot/students/testuser/etc/group
[2025-05-03 18:07:09] [INFO] Attempting to unmount and clean up
[2025-05-03 18:14:25] [INFO] Starting chroot initialization for testuser
[2025-05-03 18:14:25] [ERROR] Failed to bind mount /var/www/demo/students/testuser to /var/chroot/students/testuser/home/home
[2025-05-03 18:14:25] [INFO] Attempting to unmount and clean up
[2025-05-03 18:14:25] [ERROR] Failed to unmount: /var/chroot/students/testuser/dev/pts /var/chroot/students/testuser/dev /var/chroot/students/testuser/usr
[2025-05-03 19:51:16] [INFO] Attempting to unmount and clean up
[2025-05-03 19:51:56] [INFO] Attempting to unmount and clean up
[2025-05-03 19:59:15] [INFO] Attempting to unmount and clean up
[2025-05-03 20:00:47] [INFO] Attempting to unmount and clean up
[2025-05-04 13:18:54] [INFO] Starting chroot initialization for testuser
[2025-05-04 13:18:54] [INFO] Chroot for testuser initialized successfully
[2025-05-04 19:23:26] [INFO] Starting chroot initialization for testuser
[2025-05-04 19:23:26] [INFO] Chroot for testuser initialized successfully
[2025-05-04 19:23:51] [INFO] Starting chroot initialization for testuser
[2025-05-04 19:23:51] [INFO] Chroot for testuser initialized successfully
[2025-05-04 19:23:57] [INFO] Starting chroot initialization for testuser
[2025-05-04 19:23:57] [INFO] Chroot for testuser initialized successfully
[2025-05-04 19:24:03] [INFO] Starting chroot initialization for testuser
[2025-05-04 19:24:03] [INFO] Chroot for testuser initialized successfully
[2025-05-04 19:25:57] [INFO] Starting chroot initialization for testuser
[2025-05-04 19:25:57] [INFO] Chroot for testuser initialized successfully
[2025-05-04 19:26:04] [INFO] Starting chroot initialization for testuser
[2025-05-04 19:26:04] [INFO] Chroot for testuser initialized successfully
[2025-05-04 19:26:15] [INFO] Starting chroot initialization for testuser
[2025-05-04 19:26:15] [ERROR] Failed to set permissions for /var/chroot/students/testuser/tmp
[2025-05-04 19:26:15] [INFO] Attempting to unmount and clean up
[2025-05-04 19:26:58] [INFO] Starting chroot initialization for testuser
[2025-05-04 19:27:15] [INFO] Starting chroot initialization for testuser
[2025-05-04 19:27:51] [INFO] Starting chroot initialization for testuser
[2025-05-04 19:27:51] [ERROR] Failed to bind mount /dev to /var/chroot/students/testuser/dev
[2025-05-04 19:27:52] [INFO] Attempting to unmount and clean up
[2025-05-04 19:28:17] [INFO] Starting chroot initialization for testuser
[2025-05-04 19:28:17] [ERROR] Failed to set permissions for /var/chroot/students/testuser/tmp
[2025-05-04 19:28:17] [INFO] Attempting to unmount and clean up
[2025-05-04 19:30:23] [INFO] Starting chroot initialization for testuser
[2025-05-04 19:30:23] [ERROR] Failed to bind mount etc/resolv.conf to /var/chroot/students/testuser/etc/resolv.conf
[2025-05-04 19:30:24] [INFO] Attempting to unmount and clean up
[2025-05-04 19:31:54] [INFO] Starting chroot initialization for testuser
[2025-05-04 19:31:54] [INFO] Chroot for testuser initialized successfully
[2025-05-04 19:32:26] [INFO] Starting chroot initialization for testuser
[2025-05-04 19:32:26] [INFO] Chroot directory /var/chroot/students/testuser already exists, checking mounts
[2025-05-04 19:32:26] [ERROR] Directory /var/chroot/students/testuser/dev is already mounted
[2025-05-04 19:32:26] [INFO] Attempting to unmount and clean up
[2025-05-04 19:32:26] [ERROR] Failed to remove /var/chroot/students/testuser
[2025-05-04 19:37:51] [INFO] Starting chroot initialization for testuser
[2025-05-04 19:37:51] [INFO] Chroot directory /var/chroot/students/testuser already exists, checking mounts
[2025-05-04 19:37:51] [ERROR] Failed to create /var/chroot/students/testuser//etc/resolv.conf
[2025-05-04 19:39:31] [INFO] Starting chroot initialization for testuser
[2025-05-04 19:39:31] [INFO] Chroot directory /var/chroot/students/testuser already exists, checking mounts
[2025-05-04 19:39:31] [ERROR] Failed to create /var/chroot/students/testuser//etc/resolv.conf
[2025-05-04 19:52:41] [INFO] Starting chroot initialization for testuser
[2025-05-04 19:52:41] [INFO] Chroot for testuser initialized successfully
[2025-05-04 19:54:55] [INFO] Starting chroot initialization for testuser
[2025-05-04 19:54:55] [INFO] Chroot directory /var/chroot/students/testuser already exists, checking mounts
[2025-05-04 19:54:55] [ERROR] Failed to create /var/chroot/students/testuser//etc/resolv.conf
[2025-05-04 20:00:54] [INFO] Starting chroot initialization for testuser
[2025-05-04 20:00:54] [INFO] Chroot for testuser initialized successfully
[2025-05-04 20:00:59] [INFO] Starting chroot initialization for testuser
[2025-05-04 20:00:59] [INFO] Chroot directory /var/chroot/students/testuser already exists, checking mounts
[2025-05-04 20:00:59] [ERROR] Failed to create /var/chroot/students/testuser//etc/resolv.conf
[2025-05-04 20:02:53] [INFO] Starting chroot initialization for testuser
[2025-05-04 20:02:54] [INFO] Chroot for testuser initialized successfully
[2025-05-04 20:03:02] [INFO] Starting chroot initialization for testuser
[2025-05-04 20:03:02] [INFO] Chroot directory /var/chroot/students/testuser already exists, checking mounts
[2025-05-04 20:03:22] [INFO] Starting chroot initialization for testuser
[2025-05-04 20:03:22] [INFO] Chroot directory /var/chroot/students/testuser already exists, checking mounts
[2025-05-04 20:03:22] [ERROR] Failed to create /var/chroot/students/testuser//etc/resolv.conf
[2025-05-04 21:48:26] [INFO] Starting chroot initialization for testuser
[2025-05-04 21:48:27] [INFO] Chroot for testuser initialized successfully
[2025-05-04 21:55:23] [INFO] Starting chroot initialization for testuser
[2025-05-04 21:55:23] [INFO] Chroot directory /var/chroot/students/testuser already exists, checking mounts
[2025-05-04 21:55:23] [INFO] Starting chroot removal for testuser
[2025-05-04 21:55:24] [INFO] Chroot for testuser removed successfully
[2025-05-04 21:55:24] [INFO] Chroot for testuser initialized successfully
